{
  "RSpec": {
    "coverage": {
      "/Users/stephenestrada/Projects/DBCWBC/phase-3/Med-Flow/Preventive-Measures/app/helpers/application_helper.rb": [
        1,
        null
      ],
      "/Users/stephenestrada/Projects/DBCWBC/phase-3/Med-Flow/Preventive-Measures/app/helpers/tags_helper.rb": [
        1,
        null
      ],
      "/Users/stephenestrada/Projects/DBCWBC/phase-3/Med-Flow/Preventive-Measures/app/helpers/topic_helper.rb": [
        1,
        null
      ],
      "/Users/stephenestrada/Projects/DBCWBC/phase-3/Med-Flow/Preventive-Measures/app/controllers/tags_controller.rb": [
        1,
        null,
        1,
        1,
        null,
        null,
        1,
        0,
        null,
        null,
        1,
        1,
        null,
        null,
        1,
        0,
        null,
        null,
        1,
        1,
        null,
        1,
        1,
        null,
        0,
        null,
        null,
        null,
        1,
        0,
        0,
        null,
        0,
        null,
        null,
        null,
        1,
        0,
        0,
        null,
        null,
        1,
        1,
        1,
        null,
        null
      ],
      "/Users/stephenestrada/Projects/DBCWBC/phase-3/Med-Flow/Preventive-Measures/app/controllers/application_controller.rb": [
        1,
        null,
        null,
        1,
        null
      ],
      "/Users/stephenestrada/Projects/DBCWBC/phase-3/Med-Flow/Preventive-Measures/app/controllers/topics_controller.rb": [
        1,
        null,
        1,
        2,
        2,
        null,
        null,
        1,
        1,
        null,
        null,
        1,
        2,
        null,
        2,
        2,
        null,
        0,
        null,
        null,
        null,
        1,
        0,
        null,
        null,
        1,
        0,
        0,
        0,
        null,
        0,
        null,
        null,
        null,
        1,
        2,
        2,
        2,
        null,
        null,
        1,
        1,
        2,
        null,
        null
      ],
      "/Users/stephenestrada/Projects/DBCWBC/phase-3/Med-Flow/Preventive-Measures/app/controllers/users_controller.rb": [
        1,
        null,
        1,
        1,
        null,
        null,
        1,
        2,
        2,
        1,
        1,
        null,
        null,
        1,
        null,
        null,
        null,
        1,
        null,
        null,
        null,
        1,
        null,
        null,
        null,
        1,
        null,
        null,
        null,
        1,
        null,
        null,
        null,
        1,
        null,
        1,
        2,
        null,
        null
      ],
      "/Users/stephenestrada/Projects/DBCWBC/phase-3/Med-Flow/Preventive-Measures/app/models/comment.rb": [
        1,
        null,
        1,
        null,
        null,
        1,
        1,
        1,
        1,
        null
      ],
      "/Users/stephenestrada/Projects/DBCWBC/phase-3/Med-Flow/Preventive-Measures/app/models/topic.rb": [
        1,
        null,
        1,
        1,
        null,
        1,
        1,
        1,
        1,
        null
      ],
      "/Users/stephenestrada/Projects/DBCWBC/phase-3/Med-Flow/Preventive-Measures/app/models/user.rb": [
        1,
        null,
        1,
        null,
        1,
        1,
        null,
        null,
        1,
        1,
        1,
        null,
        null,
        1,
        1,
        null,
        null,
        null,
        null
      ],
      "/Users/stephenestrada/Projects/DBCWBC/phase-3/Med-Flow/Preventive-Measures/app/models/tag.rb": [
        1,
        1,
        1,
        1,
        1,
        null,
        null
      ],
      "/Users/stephenestrada/Projects/DBCWBC/phase-3/Med-Flow/Preventive-Measures/app/models/tagation.rb": [
        1,
        1,
        1,
        1,
        null,
        null
      ]
    },
    "timestamp": 1409331225
  }
}
